
=========================================================================
2020-08-26 11:59:02
=========================================================================

=========================================================================
2020-08-26 12:00:18
=========================================================================
2020-08-26 12:00:18,597:INFO:
======================INFERENCE=============================

2020-08-26 12:00:18,597:INFO:All probable splits
2020-08-26 12:00:18,597:INFO:('ने', 'पालको') 0.11366535265159142
2020-08-26 12:00:18,597:INFO:('नेपा', 'लको') 0.11491879518914615
2020-08-26 12:00:18,597:INFO:('नेपाल', 'को') 0.11625182137987898
2020-08-26 12:00:18,597:INFO:('नेपालको', '') 2.458332688954208e-05
2020-08-26 12:00:18,598:INFO:Best split ('नेपाल', 'को') 0.11625182137987898


=========================================================================
2020-08-26 12:01:53
=========================================================================
2020-08-26 12:01:53,808:INFO:
======================INFERENCE=============================

2020-08-26 12:01:53,808:INFO:All probable splits
2020-08-26 12:01:53,808:INFO:('ने', 'पालबाट') 0.1034899533658169
2020-08-26 12:01:53,809:INFO:('नेपा', 'लबाट') 0.1135417137618326
2020-08-26 12:01:53,809:INFO:('नेपाल', 'बाट') 0.11625182137987898
2020-08-26 12:01:53,809:INFO:('नेपालबा', 'ट') 0.10584487966330618
2020-08-26 12:01:53,809:INFO:('नेपालबाट', '') 2.458332688954208e-05
2020-08-26 12:01:53,809:INFO:Best split ('नेपाल', 'बाट') 0.11625182137987898


=========================================================================
2020-08-26 17:02:02
=========================================================================
2020-08-26 17:02:02,460:INFO:
======================TRAINING=============================


=========================================================================
2020-08-26 17:03:09
=========================================================================

=========================================================================
2020-08-26 17:03:48
=========================================================================
2020-08-26 17:03:49,035:INFO:Result under construction!!
2020-08-26 17:03:49,067:INFO:
======================INFERENCE=============================

2020-08-26 17:03:49,067:INFO:All probable splits
2020-08-26 17:03:49,068:INFO:('ने', 'पालको') 0.11366535265159142
2020-08-26 17:03:49,068:INFO:('नेपा', 'लको') 0.11491879518914615
2020-08-26 17:03:49,068:INFO:('नेपाल', 'को') 0.11625182137987898
2020-08-26 17:03:49,068:INFO:('नेपालको', '') 2.458332688954208e-05
2020-08-26 17:03:49,068:INFO:Best split ('नेपाल', 'को') 0.11625182137987898


=========================================================================
2020-08-26 17:04:27
=========================================================================
2020-08-26 17:04:27,263:INFO:Result under construction!!
2020-08-26 17:04:27,291:INFO:
======================INFERENCE=============================

2020-08-26 17:04:27,292:INFO:All probable splits
2020-08-26 17:04:27,292:INFO:('ने', 'पालको') 0.11366535265159142
2020-08-26 17:04:27,292:INFO:('नेपा', 'लको') 0.11491879518914615
2020-08-26 17:04:27,292:INFO:('नेपाल', 'को') 0.11625182137987898
2020-08-26 17:04:27,292:INFO:('नेपालको', '') 2.458332688954208e-05
2020-08-26 17:04:27,293:INFO:Best split ('नेपाल', 'को') 0.11625182137987898


=========================================================================
2020-08-26 17:05:11
=========================================================================
2020-08-26 17:05:11,697:INFO:Result under construction!!
2020-08-26 17:05:11,728:INFO:
======================INFERENCE=============================

2020-08-26 17:05:11,728:INFO:All probable splits
2020-08-26 17:05:11,729:INFO:('ने', 'पालको') 0.11366535265159142
2020-08-26 17:05:11,729:INFO:('नेपा', 'लको') 0.11491879518914615
2020-08-26 17:05:11,729:INFO:('नेपाल', 'को') 0.11625182137987898
2020-08-26 17:05:11,729:INFO:('नेपालको', '') 2.458332688954208e-05
2020-08-26 17:05:11,730:INFO:Best split ('नेपाल', 'को') 0.11625182137987898


=========================================================================
2020-08-26 17:10:25
=========================================================================

=========================================================================
2020-08-26 17:11:09
=========================================================================
2020-08-26 17:11:09,721:INFO:
======================EVALUATION=============================

2020-08-26 17:11:09,721:INFO:Acc, Prec, Rec, F-score
2020-08-26 17:11:09,744:INFO:
======================EVALUATION=============================

2020-08-26 17:11:09,745:INFO:Acc, Prec, Rec, F-score
2020-08-26 17:11:09,794:INFO:
======================EVALUATION=============================

2020-08-26 17:11:09,794:INFO:Acc, Prec, Rec, F-score
2020-08-26 17:11:09,824:INFO:
======================EVALUATION=============================

2020-08-26 17:11:09,825:INFO:Acc, Prec, Rec, F-score
2020-08-26 17:11:09,852:INFO:
======================EVALUATION=============================

2020-08-26 17:11:09,853:INFO:Acc, Prec, Rec, F-score
2020-08-26 17:11:09,881:INFO:
======================EVALUATION=============================

2020-08-26 17:11:09,881:INFO:Acc, Prec, Rec, F-score
2020-08-26 17:11:09,920:INFO:
======================EVALUATION=============================

2020-08-26 17:11:09,920:INFO:Acc, Prec, Rec, F-score
2020-08-26 17:11:09,949:INFO:
======================EVALUATION=============================

2020-08-26 17:11:09,949:INFO:Acc, Prec, Rec, F-score
2020-08-26 17:11:09,986:INFO:
======================EVALUATION=============================

2020-08-26 17:11:09,987:INFO:Acc, Prec, Rec, F-score
2020-08-26 17:11:10,007:INFO:
======================EVALUATION=============================

2020-08-26 17:11:10,007:INFO:Acc, Prec, Rec, F-score
2020-08-26 17:11:10,026:INFO:
======================EVALUATION=============================

2020-08-26 17:11:10,027:INFO:Acc, Prec, Rec, F-score
2020-08-26 17:11:10,054:INFO:
======================EVALUATION=============================

2020-08-26 17:11:10,054:INFO:Acc, Prec, Rec, F-score
2020-08-26 17:11:10,086:INFO:
======================EVALUATION=============================

2020-08-26 17:11:10,086:INFO:Acc, Prec, Rec, F-score
2020-08-26 17:11:10,108:INFO:
======================EVALUATION=============================

2020-08-26 17:11:10,108:INFO:Acc, Prec, Rec, F-score
2020-08-26 17:11:10,128:INFO:
======================EVALUATION=============================

2020-08-26 17:11:10,128:INFO:Acc, Prec, Rec, F-score
2020-08-26 17:11:10,155:INFO:
======================EVALUATION=============================

2020-08-26 17:11:10,156:INFO:Acc, Prec, Rec, F-score
2020-08-26 17:11:10,181:INFO:
======================EVALUATION=============================

2020-08-26 17:11:10,182:INFO:Acc, Prec, Rec, F-score
2020-08-26 17:11:10,216:INFO:
======================EVALUATION=============================

2020-08-26 17:11:10,216:INFO:Acc, Prec, Rec, F-score
2020-08-26 17:11:10,244:INFO:
======================EVALUATION=============================

2020-08-26 17:11:10,244:INFO:Acc, Prec, Rec, F-score
2020-08-26 17:11:10,269:INFO:
======================EVALUATION=============================

2020-08-26 17:11:10,270:INFO:Acc, Prec, Rec, F-score
2020-08-26 17:11:10,305:INFO:
======================EVALUATION=============================

2020-08-26 17:11:10,306:INFO:Acc, Prec, Rec, F-score
2020-08-26 17:11:10,339:INFO:
======================EVALUATION=============================

2020-08-26 17:11:10,339:INFO:Acc, Prec, Rec, F-score
2020-08-26 17:11:10,371:INFO:
======================EVALUATION=============================

2020-08-26 17:11:10,371:INFO:Acc, Prec, Rec, F-score
2020-08-26 17:11:10,405:INFO:
======================EVALUATION=============================

2020-08-26 17:11:10,405:INFO:Acc, Prec, Rec, F-score
2020-08-26 17:11:10,436:INFO:
======================EVALUATION=============================

2020-08-26 17:11:10,436:INFO:Acc, Prec, Rec, F-score
2020-08-26 17:11:10,473:INFO:
======================EVALUATION=============================

2020-08-26 17:11:10,473:INFO:Acc, Prec, Rec, F-score
2020-08-26 17:11:10,495:INFO:
======================EVALUATION=============================

2020-08-26 17:11:10,495:INFO:Acc, Prec, Rec, F-score
2020-08-26 17:11:10,525:INFO:
======================EVALUATION=============================

2020-08-26 17:11:10,526:INFO:Acc, Prec, Rec, F-score
2020-08-26 17:11:10,559:INFO:
======================EVALUATION=============================

2020-08-26 17:11:10,559:INFO:Acc, Prec, Rec, F-score
2020-08-26 17:11:10,582:INFO:
======================EVALUATION=============================

2020-08-26 17:11:10,582:INFO:Acc, Prec, Rec, F-score
2020-08-26 17:11:10,612:INFO:
======================EVALUATION=============================

2020-08-26 17:11:10,612:INFO:Acc, Prec, Rec, F-score
2020-08-26 17:11:10,646:INFO:
======================EVALUATION=============================

2020-08-26 17:11:10,647:INFO:Acc, Prec, Rec, F-score
2020-08-26 17:11:10,690:INFO:
======================EVALUATION=============================

2020-08-26 17:11:10,691:INFO:Acc, Prec, Rec, F-score
2020-08-26 17:11:10,716:INFO:
======================EVALUATION=============================

2020-08-26 17:11:10,716:INFO:Acc, Prec, Rec, F-score
2020-08-26 17:11:10,739:INFO:
======================EVALUATION=============================

2020-08-26 17:11:10,739:INFO:Acc, Prec, Rec, F-score
2020-08-26 17:11:10,769:INFO:
======================EVALUATION=============================

2020-08-26 17:11:10,769:INFO:Acc, Prec, Rec, F-score
2020-08-26 17:11:10,796:INFO:
======================EVALUATION=============================

2020-08-26 17:11:10,797:INFO:Acc, Prec, Rec, F-score
2020-08-26 17:11:10,823:INFO:
======================EVALUATION=============================

2020-08-26 17:11:10,824:INFO:Acc, Prec, Rec, F-score
2020-08-26 17:11:10,849:INFO:
======================EVALUATION=============================

2020-08-26 17:11:10,849:INFO:Acc, Prec, Rec, F-score
2020-08-26 17:11:10,886:INFO:
======================EVALUATION=============================

2020-08-26 17:11:10,886:INFO:Acc, Prec, Rec, F-score
2020-08-26 17:11:10,920:INFO:
======================EVALUATION=============================

2020-08-26 17:11:10,920:INFO:Acc, Prec, Rec, F-score
2020-08-26 17:11:10,942:INFO:
======================EVALUATION=============================

2020-08-26 17:11:10,943:INFO:Acc, Prec, Rec, F-score
2020-08-26 17:11:10,969:INFO:
======================EVALUATION=============================

2020-08-26 17:11:10,970:INFO:Acc, Prec, Rec, F-score
2020-08-26 17:11:11,016:INFO:
======================EVALUATION=============================

2020-08-26 17:11:11,016:INFO:Acc, Prec, Rec, F-score
2020-08-26 17:11:11,043:INFO:
======================EVALUATION=============================

2020-08-26 17:11:11,043:INFO:Acc, Prec, Rec, F-score
2020-08-26 17:11:11,079:INFO:
======================EVALUATION=============================

2020-08-26 17:11:11,079:INFO:Acc, Prec, Rec, F-score
2020-08-26 17:11:11,126:INFO:
======================EVALUATION=============================

2020-08-26 17:11:11,126:INFO:Acc, Prec, Rec, F-score
2020-08-26 17:11:11,152:INFO:
======================EVALUATION=============================

2020-08-26 17:11:11,152:INFO:Acc, Prec, Rec, F-score
2020-08-26 17:11:11,206:INFO:
======================EVALUATION=============================

2020-08-26 17:11:11,207:INFO:Acc, Prec, Rec, F-score
2020-08-26 17:11:11,234:INFO:
======================EVALUATION=============================

2020-08-26 17:11:11,234:INFO:Acc, Prec, Rec, F-score
2020-08-26 17:11:11,263:INFO:
======================EVALUATION=============================

2020-08-26 17:11:11,263:INFO:Acc, Prec, Rec, F-score
2020-08-26 17:11:11,289:INFO:
======================EVALUATION=============================

2020-08-26 17:11:11,289:INFO:Acc, Prec, Rec, F-score
2020-08-26 17:11:11,315:INFO:
======================EVALUATION=============================

2020-08-26 17:11:11,316:INFO:Acc, Prec, Rec, F-score
2020-08-26 17:11:11,347:INFO:
======================EVALUATION=============================

2020-08-26 17:11:11,347:INFO:Acc, Prec, Rec, F-score
2020-08-26 17:11:11,385:INFO:
======================EVALUATION=============================

2020-08-26 17:11:11,385:INFO:Acc, Prec, Rec, F-score
2020-08-26 17:11:11,412:INFO:
======================EVALUATION=============================

2020-08-26 17:11:11,412:INFO:Acc, Prec, Rec, F-score
2020-08-26 17:11:11,447:INFO:
======================EVALUATION=============================

2020-08-26 17:11:11,447:INFO:Acc, Prec, Rec, F-score
2020-08-26 17:11:11,478:INFO:
======================EVALUATION=============================

2020-08-26 17:11:11,478:INFO:Acc, Prec, Rec, F-score
2020-08-26 17:11:11,509:INFO:
======================EVALUATION=============================

2020-08-26 17:11:11,509:INFO:Acc, Prec, Rec, F-score
2020-08-26 17:11:11,534:INFO:
======================EVALUATION=============================

2020-08-26 17:11:11,534:INFO:Acc, Prec, Rec, F-score
2020-08-26 17:11:11,564:INFO:
======================EVALUATION=============================

2020-08-26 17:11:11,564:INFO:Acc, Prec, Rec, F-score
2020-08-26 17:11:11,603:INFO:
======================EVALUATION=============================

2020-08-26 17:11:11,603:INFO:Acc, Prec, Rec, F-score
2020-08-26 17:11:11,638:INFO:
======================EVALUATION=============================

2020-08-26 17:11:11,639:INFO:Acc, Prec, Rec, F-score
2020-08-26 17:11:11,667:INFO:
======================EVALUATION=============================

2020-08-26 17:11:11,667:INFO:Acc, Prec, Rec, F-score
2020-08-26 17:11:11,693:INFO:
======================EVALUATION=============================

2020-08-26 17:11:11,693:INFO:Acc, Prec, Rec, F-score
2020-08-26 17:11:11,732:INFO:
======================EVALUATION=============================

2020-08-26 17:11:11,732:INFO:Acc, Prec, Rec, F-score
2020-08-26 17:11:11,761:INFO:
======================EVALUATION=============================

2020-08-26 17:11:11,762:INFO:Acc, Prec, Rec, F-score
2020-08-26 17:11:11,792:INFO:
======================EVALUATION=============================

2020-08-26 17:11:11,792:INFO:Acc, Prec, Rec, F-score
2020-08-26 17:11:11,825:INFO:
======================EVALUATION=============================

2020-08-26 17:11:11,825:INFO:Acc, Prec, Rec, F-score
2020-08-26 17:11:11,861:INFO:
======================EVALUATION=============================

2020-08-26 17:11:11,861:INFO:Acc, Prec, Rec, F-score
2020-08-26 17:11:11,894:INFO:
======================EVALUATION=============================

2020-08-26 17:11:11,895:INFO:Acc, Prec, Rec, F-score
2020-08-26 17:11:11,926:INFO:
======================EVALUATION=============================

2020-08-26 17:11:11,926:INFO:Acc, Prec, Rec, F-score
2020-08-26 17:11:11,953:INFO:
======================EVALUATION=============================

2020-08-26 17:11:11,953:INFO:Acc, Prec, Rec, F-score
2020-08-26 17:11:11,981:INFO:
======================EVALUATION=============================

2020-08-26 17:11:11,981:INFO:Acc, Prec, Rec, F-score
2020-08-26 17:11:12,006:INFO:
======================EVALUATION=============================

2020-08-26 17:11:12,006:INFO:Acc, Prec, Rec, F-score
2020-08-26 17:11:12,032:INFO:
======================EVALUATION=============================

2020-08-26 17:11:12,033:INFO:Acc, Prec, Rec, F-score
2020-08-26 17:11:12,055:INFO:
======================EVALUATION=============================

2020-08-26 17:11:12,055:INFO:Acc, Prec, Rec, F-score
2020-08-26 17:11:12,086:INFO:
======================EVALUATION=============================

2020-08-26 17:11:12,086:INFO:Acc, Prec, Rec, F-score
2020-08-26 17:11:12,108:INFO:
======================EVALUATION=============================

2020-08-26 17:11:12,109:INFO:Acc, Prec, Rec, F-score
2020-08-26 17:11:12,139:INFO:
======================EVALUATION=============================

2020-08-26 17:11:12,139:INFO:Acc, Prec, Rec, F-score
2020-08-26 17:11:12,161:INFO:
======================EVALUATION=============================

2020-08-26 17:11:12,161:INFO:Acc, Prec, Rec, F-score
2020-08-26 17:11:12,183:INFO:
======================EVALUATION=============================

2020-08-26 17:11:12,183:INFO:Acc, Prec, Rec, F-score
2020-08-26 17:11:12,227:INFO:
======================EVALUATION=============================

2020-08-26 17:11:12,227:INFO:Acc, Prec, Rec, F-score
2020-08-26 17:11:12,249:INFO:
======================EVALUATION=============================

2020-08-26 17:11:12,249:INFO:Acc, Prec, Rec, F-score
2020-08-26 17:11:12,287:INFO:
======================EVALUATION=============================

2020-08-26 17:11:12,287:INFO:Acc, Prec, Rec, F-score
2020-08-26 17:11:12,314:INFO:
======================EVALUATION=============================

2020-08-26 17:11:12,314:INFO:Acc, Prec, Rec, F-score
2020-08-26 17:11:12,339:INFO:
======================EVALUATION=============================

2020-08-26 17:11:12,339:INFO:Acc, Prec, Rec, F-score
2020-08-26 17:11:12,369:INFO:
======================EVALUATION=============================

2020-08-26 17:11:12,369:INFO:Acc, Prec, Rec, F-score
2020-08-26 17:11:12,406:INFO:
======================EVALUATION=============================

2020-08-26 17:11:12,406:INFO:Acc, Prec, Rec, F-score
2020-08-26 17:11:12,435:INFO:
======================EVALUATION=============================

2020-08-26 17:11:12,435:INFO:Acc, Prec, Rec, F-score
2020-08-26 17:11:12,464:INFO:
======================EVALUATION=============================

2020-08-26 17:11:12,464:INFO:Acc, Prec, Rec, F-score
2020-08-26 17:11:12,491:INFO:
======================EVALUATION=============================

2020-08-26 17:11:12,491:INFO:Acc, Prec, Rec, F-score
2020-08-26 17:11:12,522:INFO:
======================EVALUATION=============================

2020-08-26 17:11:12,522:INFO:Acc, Prec, Rec, F-score
2020-08-26 17:11:12,552:INFO:
======================EVALUATION=============================

2020-08-26 17:11:12,553:INFO:Acc, Prec, Rec, F-score
2020-08-26 17:11:12,575:INFO:
======================EVALUATION=============================

2020-08-26 17:11:12,575:INFO:Acc, Prec, Rec, F-score
2020-08-26 17:11:12,607:INFO:
======================EVALUATION=============================

2020-08-26 17:11:12,607:INFO:Acc, Prec, Rec, F-score
2020-08-26 17:11:12,631:INFO:
======================EVALUATION=============================

2020-08-26 17:11:12,631:INFO:Acc, Prec, Rec, F-score
2020-08-26 17:11:12,668:INFO:
======================EVALUATION=============================

2020-08-26 17:11:12,669:INFO:Acc, Prec, Rec, F-score
2020-08-26 17:11:12,703:INFO:
======================EVALUATION=============================

2020-08-26 17:11:12,704:INFO:Acc, Prec, Rec, F-score
2020-08-26 17:11:12,744:INFO:
======================EVALUATION=============================

2020-08-26 17:11:12,744:INFO:Acc, Prec, Rec, F-score
2020-08-26 17:11:12,769:INFO:
======================EVALUATION=============================

2020-08-26 17:11:12,769:INFO:Acc, Prec, Rec, F-score
2020-08-26 17:11:12,800:INFO:
======================EVALUATION=============================

2020-08-26 17:11:12,801:INFO:Acc, Prec, Rec, F-score
2020-08-26 17:11:12,830:INFO:
======================EVALUATION=============================

2020-08-26 17:11:12,831:INFO:Acc, Prec, Rec, F-score
2020-08-26 17:11:12,869:INFO:
======================EVALUATION=============================

2020-08-26 17:11:12,870:INFO:Acc, Prec, Rec, F-score
2020-08-26 17:11:12,917:INFO:
======================EVALUATION=============================

2020-08-26 17:11:12,917:INFO:Acc, Prec, Rec, F-score
2020-08-26 17:11:12,951:INFO:
======================EVALUATION=============================

2020-08-26 17:11:12,952:INFO:Acc, Prec, Rec, F-score
2020-08-26 17:11:12,986:INFO:
======================EVALUATION=============================

2020-08-26 17:11:12,986:INFO:Acc, Prec, Rec, F-score
2020-08-26 17:11:13,018:INFO:
======================EVALUATION=============================

2020-08-26 17:11:13,018:INFO:Acc, Prec, Rec, F-score
2020-08-26 17:11:13,055:INFO:
======================EVALUATION=============================

2020-08-26 17:11:13,055:INFO:Acc, Prec, Rec, F-score
2020-08-26 17:11:13,090:INFO:
======================EVALUATION=============================

2020-08-26 17:11:13,090:INFO:Acc, Prec, Rec, F-score
2020-08-26 17:11:13,120:INFO:
======================EVALUATION=============================

2020-08-26 17:11:13,120:INFO:Acc, Prec, Rec, F-score
2020-08-26 17:11:13,150:INFO:
======================EVALUATION=============================

2020-08-26 17:11:13,150:INFO:Acc, Prec, Rec, F-score
2020-08-26 17:11:13,184:INFO:
======================EVALUATION=============================

2020-08-26 17:11:13,184:INFO:Acc, Prec, Rec, F-score
2020-08-26 17:11:13,210:INFO:
======================EVALUATION=============================

2020-08-26 17:11:13,210:INFO:Acc, Prec, Rec, F-score
2020-08-26 17:11:13,251:INFO:
======================EVALUATION=============================

2020-08-26 17:11:13,251:INFO:Acc, Prec, Rec, F-score
2020-08-26 17:11:13,294:INFO:
======================EVALUATION=============================

2020-08-26 17:11:13,294:INFO:Acc, Prec, Rec, F-score
2020-08-26 17:11:13,328:INFO:
======================EVALUATION=============================

2020-08-26 17:11:13,328:INFO:Acc, Prec, Rec, F-score
2020-08-26 17:11:13,350:INFO:
======================EVALUATION=============================

2020-08-26 17:11:13,351:INFO:Acc, Prec, Rec, F-score
2020-08-26 17:11:13,377:INFO:
======================EVALUATION=============================

2020-08-26 17:11:13,377:INFO:Acc, Prec, Rec, F-score
2020-08-26 17:11:13,399:INFO:
======================EVALUATION=============================

2020-08-26 17:11:13,399:INFO:Acc, Prec, Rec, F-score
2020-08-26 17:11:13,437:INFO:
======================EVALUATION=============================

2020-08-26 17:11:13,438:INFO:Acc, Prec, Rec, F-score
2020-08-26 17:11:13,468:INFO:
======================EVALUATION=============================

2020-08-26 17:11:13,468:INFO:Acc, Prec, Rec, F-score
2020-08-26 17:11:13,494:INFO:
======================EVALUATION=============================

2020-08-26 17:11:13,494:INFO:Acc, Prec, Rec, F-score
2020-08-26 17:11:13,519:INFO:
======================EVALUATION=============================

2020-08-26 17:11:13,519:INFO:Acc, Prec, Rec, F-score
2020-08-26 17:11:13,552:INFO:
======================EVALUATION=============================

2020-08-26 17:11:13,552:INFO:Acc, Prec, Rec, F-score
2020-08-26 17:11:13,572:INFO:
======================EVALUATION=============================

2020-08-26 17:11:13,573:INFO:Acc, Prec, Rec, F-score
2020-08-26 17:11:13,608:INFO:
======================EVALUATION=============================

2020-08-26 17:11:13,609:INFO:Acc, Prec, Rec, F-score
2020-08-26 17:11:13,638:INFO:
======================EVALUATION=============================

2020-08-26 17:11:13,638:INFO:Acc, Prec, Rec, F-score
2020-08-26 17:11:13,667:INFO:
======================EVALUATION=============================

2020-08-26 17:11:13,667:INFO:Acc, Prec, Rec, F-score
2020-08-26 17:11:13,693:INFO:
======================EVALUATION=============================

2020-08-26 17:11:13,693:INFO:Acc, Prec, Rec, F-score
2020-08-26 17:11:13,733:INFO:
======================EVALUATION=============================

2020-08-26 17:11:13,733:INFO:Acc, Prec, Rec, F-score
2020-08-26 17:11:13,758:INFO:
======================EVALUATION=============================

2020-08-26 17:11:13,758:INFO:Acc, Prec, Rec, F-score
2020-08-26 17:11:13,789:INFO:
======================EVALUATION=============================

2020-08-26 17:11:13,790:INFO:Acc, Prec, Rec, F-score
2020-08-26 17:11:13,847:INFO:
======================EVALUATION=============================

2020-08-26 17:11:13,848:INFO:Acc, Prec, Rec, F-score
2020-08-26 17:11:13,884:INFO:
======================EVALUATION=============================

2020-08-26 17:11:13,884:INFO:Acc, Prec, Rec, F-score
2020-08-26 17:11:13,912:INFO:
======================EVALUATION=============================

2020-08-26 17:11:13,913:INFO:Acc, Prec, Rec, F-score
2020-08-26 17:11:13,943:INFO:
======================EVALUATION=============================

2020-08-26 17:11:13,943:INFO:Acc, Prec, Rec, F-score
2020-08-26 17:11:13,988:INFO:
======================EVALUATION=============================

2020-08-26 17:11:13,989:INFO:Acc, Prec, Rec, F-score
2020-08-26 17:11:14,009:INFO:
======================EVALUATION=============================

2020-08-26 17:11:14,009:INFO:Acc, Prec, Rec, F-score
2020-08-26 17:11:14,034:INFO:
======================EVALUATION=============================

2020-08-26 17:11:14,034:INFO:Acc, Prec, Rec, F-score
2020-08-26 17:11:14,054:INFO:
======================EVALUATION=============================

2020-08-26 17:11:14,054:INFO:Acc, Prec, Rec, F-score
2020-08-26 17:11:14,087:INFO:
======================EVALUATION=============================

2020-08-26 17:11:14,087:INFO:Acc, Prec, Rec, F-score
2020-08-26 17:11:14,131:INFO:
======================EVALUATION=============================

2020-08-26 17:11:14,131:INFO:Acc, Prec, Rec, F-score
2020-08-26 17:11:14,156:INFO:
======================EVALUATION=============================

2020-08-26 17:11:14,156:INFO:Acc, Prec, Rec, F-score
2020-08-26 17:11:14,193:INFO:
======================EVALUATION=============================

2020-08-26 17:11:14,194:INFO:Acc, Prec, Rec, F-score
2020-08-26 17:11:14,226:INFO:
======================EVALUATION=============================

2020-08-26 17:11:14,226:INFO:Acc, Prec, Rec, F-score
2020-08-26 17:11:14,257:INFO:
======================EVALUATION=============================

2020-08-26 17:11:14,257:INFO:Acc, Prec, Rec, F-score
2020-08-26 17:11:14,287:INFO:
======================EVALUATION=============================

2020-08-26 17:11:14,287:INFO:Acc, Prec, Rec, F-score
2020-08-26 17:11:14,333:INFO:
======================EVALUATION=============================

2020-08-26 17:11:14,333:INFO:Acc, Prec, Rec, F-score
2020-08-26 17:11:14,369:INFO:
======================EVALUATION=============================

2020-08-26 17:11:14,369:INFO:Acc, Prec, Rec, F-score
2020-08-26 17:11:14,395:INFO:
======================EVALUATION=============================

2020-08-26 17:11:14,395:INFO:Acc, Prec, Rec, F-score
2020-08-26 17:11:14,421:INFO:
======================EVALUATION=============================

2020-08-26 17:11:14,421:INFO:Acc, Prec, Rec, F-score
2020-08-26 17:11:14,461:INFO:
======================EVALUATION=============================

2020-08-26 17:11:14,461:INFO:Acc, Prec, Rec, F-score
2020-08-26 17:11:14,496:INFO:
======================EVALUATION=============================

2020-08-26 17:11:14,496:INFO:Acc, Prec, Rec, F-score
2020-08-26 17:11:14,517:INFO:
======================EVALUATION=============================

2020-08-26 17:11:14,517:INFO:Acc, Prec, Rec, F-score
2020-08-26 17:11:14,551:INFO:
======================EVALUATION=============================

2020-08-26 17:11:14,552:INFO:Acc, Prec, Rec, F-score
2020-08-26 17:11:14,586:INFO:
======================EVALUATION=============================

2020-08-26 17:11:14,587:INFO:Acc, Prec, Rec, F-score
2020-08-26 17:11:14,627:INFO:
======================EVALUATION=============================

2020-08-26 17:11:14,627:INFO:Acc, Prec, Rec, F-score
2020-08-26 17:11:14,651:INFO:
======================EVALUATION=============================

2020-08-26 17:11:14,651:INFO:Acc, Prec, Rec, F-score
2020-08-26 17:11:14,674:INFO:
======================EVALUATION=============================

2020-08-26 17:11:14,675:INFO:Acc, Prec, Rec, F-score
2020-08-26 17:11:14,712:INFO:
======================EVALUATION=============================

2020-08-26 17:11:14,712:INFO:Acc, Prec, Rec, F-score
2020-08-26 17:11:14,745:INFO:
======================EVALUATION=============================

2020-08-26 17:11:14,745:INFO:Acc, Prec, Rec, F-score
2020-08-26 17:11:14,772:INFO:
======================EVALUATION=============================

2020-08-26 17:11:14,772:INFO:Acc, Prec, Rec, F-score
2020-08-26 17:11:14,798:INFO:
======================EVALUATION=============================

2020-08-26 17:11:14,799:INFO:Acc, Prec, Rec, F-score
2020-08-26 17:11:14,829:INFO:
======================EVALUATION=============================

2020-08-26 17:11:14,829:INFO:Acc, Prec, Rec, F-score
2020-08-26 17:11:14,850:INFO:
======================EVALUATION=============================

2020-08-26 17:11:14,851:INFO:Acc, Prec, Rec, F-score
2020-08-26 17:11:14,879:INFO:
======================EVALUATION=============================

2020-08-26 17:11:14,879:INFO:Acc, Prec, Rec, F-score
2020-08-26 17:11:14,908:INFO:
======================EVALUATION=============================

2020-08-26 17:11:14,908:INFO:Acc, Prec, Rec, F-score
2020-08-26 17:11:14,949:INFO:
======================EVALUATION=============================

2020-08-26 17:11:14,949:INFO:Acc, Prec, Rec, F-score
2020-08-26 17:11:14,981:INFO:
======================EVALUATION=============================

2020-08-26 17:11:14,981:INFO:Acc, Prec, Rec, F-score
2020-08-26 17:11:15,001:INFO:
======================EVALUATION=============================

2020-08-26 17:11:15,001:INFO:Acc, Prec, Rec, F-score
2020-08-26 17:11:15,041:INFO:
======================EVALUATION=============================

2020-08-26 17:11:15,041:INFO:Acc, Prec, Rec, F-score
2020-08-26 17:11:15,062:INFO:
======================EVALUATION=============================

2020-08-26 17:11:15,062:INFO:Acc, Prec, Rec, F-score
2020-08-26 17:11:15,093:INFO:
======================EVALUATION=============================

2020-08-26 17:11:15,094:INFO:Acc, Prec, Rec, F-score
2020-08-26 17:11:15,123:INFO:
======================EVALUATION=============================

2020-08-26 17:11:15,123:INFO:Acc, Prec, Rec, F-score
2020-08-26 17:11:15,148:INFO:
======================EVALUATION=============================

2020-08-26 17:11:15,148:INFO:Acc, Prec, Rec, F-score
2020-08-26 17:11:15,172:INFO:
======================EVALUATION=============================

2020-08-26 17:11:15,172:INFO:Acc, Prec, Rec, F-score
2020-08-26 17:11:15,203:INFO:
======================EVALUATION=============================

2020-08-26 17:11:15,204:INFO:Acc, Prec, Rec, F-score
2020-08-26 17:11:15,233:INFO:
======================EVALUATION=============================

2020-08-26 17:11:15,233:INFO:Acc, Prec, Rec, F-score
2020-08-26 17:11:15,258:INFO:
======================EVALUATION=============================

2020-08-26 17:11:15,258:INFO:Acc, Prec, Rec, F-score
2020-08-26 17:11:15,290:INFO:
======================EVALUATION=============================

2020-08-26 17:11:15,290:INFO:Acc, Prec, Rec, F-score
2020-08-26 17:11:15,318:INFO:
======================EVALUATION=============================

2020-08-26 17:11:15,318:INFO:Acc, Prec, Rec, F-score
2020-08-26 17:11:15,348:INFO:
======================EVALUATION=============================

2020-08-26 17:11:15,348:INFO:Acc, Prec, Rec, F-score
2020-08-26 17:11:15,378:INFO:
======================EVALUATION=============================

2020-08-26 17:11:15,379:INFO:Acc, Prec, Rec, F-score
2020-08-26 17:11:15,410:INFO:
======================EVALUATION=============================

2020-08-26 17:11:15,410:INFO:Acc, Prec, Rec, F-score
2020-08-26 17:11:15,454:INFO:
======================EVALUATION=============================

2020-08-26 17:11:15,454:INFO:Acc, Prec, Rec, F-score
2020-08-26 17:11:15,475:INFO:
======================EVALUATION=============================

2020-08-26 17:11:15,475:INFO:Acc, Prec, Rec, F-score
2020-08-26 17:11:15,503:INFO:
======================EVALUATION=============================

2020-08-26 17:11:15,503:INFO:Acc, Prec, Rec, F-score
2020-08-26 17:11:15,530:INFO:
======================EVALUATION=============================

2020-08-26 17:11:15,530:INFO:Acc, Prec, Rec, F-score
2020-08-26 17:11:15,554:INFO:
======================EVALUATION=============================

2020-08-26 17:11:15,554:INFO:Acc, Prec, Rec, F-score
2020-08-26 17:11:15,595:INFO:
======================EVALUATION=============================

2020-08-26 17:11:15,595:INFO:Acc, Prec, Rec, F-score
2020-08-26 17:11:15,620:INFO:
======================EVALUATION=============================

2020-08-26 17:11:15,620:INFO:Acc, Prec, Rec, F-score
2020-08-26 17:11:15,642:INFO:
======================EVALUATION=============================

2020-08-26 17:11:15,642:INFO:Acc, Prec, Rec, F-score
2020-08-26 17:11:15,674:INFO:
======================EVALUATION=============================

2020-08-26 17:11:15,675:INFO:Acc, Prec, Rec, F-score
2020-08-26 17:11:15,706:INFO:
======================EVALUATION=============================

2020-08-26 17:11:15,706:INFO:Acc, Prec, Rec, F-score
2020-08-26 17:11:15,734:INFO:
======================EVALUATION=============================

2020-08-26 17:11:15,734:INFO:Acc, Prec, Rec, F-score
2020-08-26 17:11:15,759:INFO:
======================EVALUATION=============================

2020-08-26 17:11:15,759:INFO:Acc, Prec, Rec, F-score
2020-08-26 17:11:15,804:INFO:
======================EVALUATION=============================

2020-08-26 17:11:15,804:INFO:Acc, Prec, Rec, F-score
2020-08-26 17:11:15,835:INFO:
======================EVALUATION=============================

2020-08-26 17:11:15,836:INFO:Acc, Prec, Rec, F-score
2020-08-26 17:11:15,860:INFO:
======================EVALUATION=============================

2020-08-26 17:11:15,860:INFO:Acc, Prec, Rec, F-score
2020-08-26 17:11:15,904:INFO:
======================EVALUATION=============================

2020-08-26 17:11:15,904:INFO:Acc, Prec, Rec, F-score
2020-08-26 17:11:15,936:INFO:
======================EVALUATION=============================

2020-08-26 17:11:15,936:INFO:Acc, Prec, Rec, F-score
2020-08-26 17:11:15,966:INFO:
======================EVALUATION=============================

2020-08-26 17:11:15,966:INFO:Acc, Prec, Rec, F-score
2020-08-26 17:11:16,003:INFO:
======================EVALUATION=============================

2020-08-26 17:11:16,003:INFO:Acc, Prec, Rec, F-score
2020-08-26 17:11:16,033:INFO:
======================EVALUATION=============================

2020-08-26 17:11:16,033:INFO:Acc, Prec, Rec, F-score
2020-08-26 17:11:16,069:INFO:
======================EVALUATION=============================

2020-08-26 17:11:16,070:INFO:Acc, Prec, Rec, F-score
2020-08-26 17:11:16,097:INFO:
======================EVALUATION=============================

2020-08-26 17:11:16,097:INFO:Acc, Prec, Rec, F-score
2020-08-26 17:11:16,119:INFO:
======================EVALUATION=============================

2020-08-26 17:11:16,120:INFO:Acc, Prec, Rec, F-score
2020-08-26 17:11:16,152:INFO:
======================EVALUATION=============================

2020-08-26 17:11:16,152:INFO:Acc, Prec, Rec, F-score
2020-08-26 17:11:16,204:INFO:
======================EVALUATION=============================

2020-08-26 17:11:16,204:INFO:Acc, Prec, Rec, F-score
2020-08-26 17:11:16,240:INFO:
======================EVALUATION=============================

2020-08-26 17:11:16,240:INFO:Acc, Prec, Rec, F-score
2020-08-26 17:11:16,277:INFO:
======================EVALUATION=============================

2020-08-26 17:11:16,277:INFO:Acc, Prec, Rec, F-score
2020-08-26 17:11:16,307:INFO:
======================EVALUATION=============================

2020-08-26 17:11:16,308:INFO:Acc, Prec, Rec, F-score
2020-08-26 17:11:16,336:INFO:
======================EVALUATION=============================

2020-08-26 17:11:16,336:INFO:Acc, Prec, Rec, F-score
2020-08-26 17:11:16,366:INFO:
======================EVALUATION=============================

2020-08-26 17:11:16,366:INFO:Acc, Prec, Rec, F-score
2020-08-26 17:11:16,400:INFO:
======================EVALUATION=============================

2020-08-26 17:11:16,400:INFO:Acc, Prec, Rec, F-score
2020-08-26 17:11:16,429:INFO:
======================EVALUATION=============================

2020-08-26 17:11:16,429:INFO:Acc, Prec, Rec, F-score
2020-08-26 17:11:16,464:INFO:
======================EVALUATION=============================

2020-08-26 17:11:16,465:INFO:Acc, Prec, Rec, F-score
2020-08-26 17:11:16,498:INFO:
======================EVALUATION=============================

2020-08-26 17:11:16,498:INFO:Acc, Prec, Rec, F-score
2020-08-26 17:11:16,529:INFO:
======================EVALUATION=============================

2020-08-26 17:11:16,529:INFO:Acc, Prec, Rec, F-score
2020-08-26 17:11:16,557:INFO:
======================EVALUATION=============================

2020-08-26 17:11:16,557:INFO:Acc, Prec, Rec, F-score
2020-08-26 17:11:16,587:INFO:
======================EVALUATION=============================

2020-08-26 17:11:16,587:INFO:Acc, Prec, Rec, F-score
2020-08-26 17:11:16,610:INFO:
======================EVALUATION=============================

2020-08-26 17:11:16,611:INFO:Acc, Prec, Rec, F-score
2020-08-26 17:11:16,631:INFO:
======================EVALUATION=============================

2020-08-26 17:11:16,631:INFO:Acc, Prec, Rec, F-score
2020-08-26 17:11:16,657:INFO:
======================EVALUATION=============================

2020-08-26 17:11:16,657:INFO:Acc, Prec, Rec, F-score
2020-08-26 17:11:16,693:INFO:
======================EVALUATION=============================

2020-08-26 17:11:16,693:INFO:Acc, Prec, Rec, F-score
2020-08-26 17:11:16,726:INFO:
======================EVALUATION=============================

2020-08-26 17:11:16,726:INFO:Acc, Prec, Rec, F-score
2020-08-26 17:11:16,748:INFO:
======================EVALUATION=============================

2020-08-26 17:11:16,748:INFO:Acc, Prec, Rec, F-score
2020-08-26 17:11:16,786:INFO:
======================EVALUATION=============================

2020-08-26 17:11:16,786:INFO:Acc, Prec, Rec, F-score
2020-08-26 17:11:16,820:INFO:
======================EVALUATION=============================

2020-08-26 17:11:16,821:INFO:Acc, Prec, Rec, F-score
2020-08-26 17:11:16,844:INFO:
======================EVALUATION=============================

2020-08-26 17:11:16,844:INFO:Acc, Prec, Rec, F-score
2020-08-26 17:11:16,867:INFO:
======================EVALUATION=============================

2020-08-26 17:11:16,867:INFO:Acc, Prec, Rec, F-score
2020-08-26 17:11:16,893:INFO:
======================EVALUATION=============================

2020-08-26 17:11:16,893:INFO:Acc, Prec, Rec, F-score
2020-08-26 17:11:16,919:INFO:
======================EVALUATION=============================

2020-08-26 17:11:16,919:INFO:Acc, Prec, Rec, F-score
2020-08-26 17:11:16,950:INFO:
======================EVALUATION=============================

2020-08-26 17:11:16,951:INFO:Acc, Prec, Rec, F-score
2020-08-26 17:11:16,981:INFO:
======================EVALUATION=============================

2020-08-26 17:11:16,981:INFO:Acc, Prec, Rec, F-score
2020-08-26 17:11:17,008:INFO:
======================EVALUATION=============================

2020-08-26 17:11:17,008:INFO:Acc, Prec, Rec, F-score
2020-08-26 17:11:17,045:INFO:
======================EVALUATION=============================

2020-08-26 17:11:17,045:INFO:Acc, Prec, Rec, F-score
2020-08-26 17:11:17,079:INFO:
======================EVALUATION=============================

2020-08-26 17:11:17,080:INFO:Acc, Prec, Rec, F-score
2020-08-26 17:11:17,106:INFO:
======================EVALUATION=============================

2020-08-26 17:11:17,107:INFO:Acc, Prec, Rec, F-score
2020-08-26 17:11:17,132:INFO:
======================EVALUATION=============================

2020-08-26 17:11:17,132:INFO:Acc, Prec, Rec, F-score
2020-08-26 17:11:17,153:INFO:
======================EVALUATION=============================

2020-08-26 17:11:17,154:INFO:Acc, Prec, Rec, F-score
2020-08-26 17:11:17,180:INFO:
======================EVALUATION=============================

2020-08-26 17:11:17,180:INFO:Acc, Prec, Rec, F-score
2020-08-26 17:11:17,212:INFO:
======================EVALUATION=============================

2020-08-26 17:11:17,212:INFO:Acc, Prec, Rec, F-score
2020-08-26 17:11:17,237:INFO:
======================EVALUATION=============================

2020-08-26 17:11:17,238:INFO:Acc, Prec, Rec, F-score
2020-08-26 17:11:17,269:INFO:
======================EVALUATION=============================

2020-08-26 17:11:17,270:INFO:Acc, Prec, Rec, F-score
2020-08-26 17:11:17,298:INFO:
======================EVALUATION=============================

2020-08-26 17:11:17,298:INFO:Acc, Prec, Rec, F-score
2020-08-26 17:11:17,329:INFO:
======================EVALUATION=============================

2020-08-26 17:11:17,329:INFO:Acc, Prec, Rec, F-score
2020-08-26 17:11:17,354:INFO:
======================EVALUATION=============================

2020-08-26 17:11:17,354:INFO:Acc, Prec, Rec, F-score
2020-08-26 17:11:17,390:INFO:
======================EVALUATION=============================

2020-08-26 17:11:17,390:INFO:Acc, Prec, Rec, F-score
2020-08-26 17:11:17,429:INFO:
======================EVALUATION=============================

2020-08-26 17:11:17,429:INFO:Acc, Prec, Rec, F-score
2020-08-26 17:11:17,470:INFO:
======================EVALUATION=============================

2020-08-26 17:11:17,470:INFO:Acc, Prec, Rec, F-score
2020-08-26 17:11:17,506:INFO:
======================EVALUATION=============================

2020-08-26 17:11:17,506:INFO:Acc, Prec, Rec, F-score
2020-08-26 17:11:17,536:INFO:
======================EVALUATION=============================

2020-08-26 17:11:17,536:INFO:Acc, Prec, Rec, F-score
2020-08-26 17:11:17,561:INFO:
======================EVALUATION=============================

2020-08-26 17:11:17,562:INFO:Acc, Prec, Rec, F-score
2020-08-26 17:11:17,606:INFO:
======================EVALUATION=============================

2020-08-26 17:11:17,606:INFO:Acc, Prec, Rec, F-score
2020-08-26 17:11:17,650:INFO:
======================EVALUATION=============================

2020-08-26 17:11:17,650:INFO:Acc, Prec, Rec, F-score
2020-08-26 17:11:17,687:INFO:
======================EVALUATION=============================

2020-08-26 17:11:17,687:INFO:Acc, Prec, Rec, F-score
2020-08-26 17:11:17,712:INFO:
======================EVALUATION=============================

2020-08-26 17:11:17,712:INFO:Acc, Prec, Rec, F-score
2020-08-26 17:11:17,738:INFO:
======================EVALUATION=============================

2020-08-26 17:11:17,739:INFO:Acc, Prec, Rec, F-score
2020-08-26 17:11:17,768:INFO:
======================EVALUATION=============================

2020-08-26 17:11:17,768:INFO:Acc, Prec, Rec, F-score
2020-08-26 17:11:17,789:INFO:
======================EVALUATION=============================

2020-08-26 17:11:17,790:INFO:Acc, Prec, Rec, F-score
2020-08-26 17:11:17,814:INFO:
======================EVALUATION=============================

2020-08-26 17:11:17,814:INFO:Acc, Prec, Rec, F-score
2020-08-26 17:11:17,848:INFO:
======================EVALUATION=============================

2020-08-26 17:11:17,848:INFO:Acc, Prec, Rec, F-score
2020-08-26 17:11:17,876:INFO:
======================EVALUATION=============================

2020-08-26 17:11:17,876:INFO:Acc, Prec, Rec, F-score
2020-08-26 17:11:17,905:INFO:
======================EVALUATION=============================

2020-08-26 17:11:17,905:INFO:Acc, Prec, Rec, F-score
2020-08-26 17:11:17,940:INFO:
======================EVALUATION=============================

2020-08-26 17:11:17,940:INFO:Acc, Prec, Rec, F-score
2020-08-26 17:11:17,979:INFO:
======================EVALUATION=============================

2020-08-26 17:11:17,979:INFO:Acc, Prec, Rec, F-score
2020-08-26 17:11:18,012:INFO:
======================EVALUATION=============================

2020-08-26 17:11:18,012:INFO:Acc, Prec, Rec, F-score
2020-08-26 17:11:18,052:INFO:
======================EVALUATION=============================

2020-08-26 17:11:18,052:INFO:Acc, Prec, Rec, F-score
2020-08-26 17:11:18,082:INFO:
======================EVALUATION=============================

2020-08-26 17:11:18,083:INFO:Acc, Prec, Rec, F-score
2020-08-26 17:11:18,117:INFO:
======================EVALUATION=============================

2020-08-26 17:11:18,117:INFO:Acc, Prec, Rec, F-score
2020-08-26 17:11:18,180:INFO:
======================EVALUATION=============================

2020-08-26 17:11:18,180:INFO:Acc, Prec, Rec, F-score
2020-08-26 17:11:18,201:INFO:
======================EVALUATION=============================

2020-08-26 17:11:18,201:INFO:Acc, Prec, Rec, F-score
2020-08-26 17:11:18,245:INFO:
======================EVALUATION=============================

2020-08-26 17:11:18,245:INFO:Acc, Prec, Rec, F-score
2020-08-26 17:11:18,293:INFO:
======================EVALUATION=============================

2020-08-26 17:11:18,293:INFO:Acc, Prec, Rec, F-score
2020-08-26 17:11:18,333:INFO:
======================EVALUATION=============================

2020-08-26 17:11:18,334:INFO:Acc, Prec, Rec, F-score
2020-08-26 17:11:18,369:INFO:
======================EVALUATION=============================

2020-08-26 17:11:18,369:INFO:Acc, Prec, Rec, F-score
2020-08-26 17:11:18,394:INFO:
======================EVALUATION=============================

2020-08-26 17:11:18,394:INFO:Acc, Prec, Rec, F-score
2020-08-26 17:11:18,427:INFO:
======================EVALUATION=============================

2020-08-26 17:11:18,427:INFO:Acc, Prec, Rec, F-score
2020-08-26 17:11:18,460:INFO:
======================EVALUATION=============================

2020-08-26 17:11:18,461:INFO:Acc, Prec, Rec, F-score
2020-08-26 17:11:18,481:INFO:
======================EVALUATION=============================

2020-08-26 17:11:18,482:INFO:Acc, Prec, Rec, F-score
2020-08-26 17:11:18,509:INFO:
======================EVALUATION=============================

2020-08-26 17:11:18,509:INFO:Acc, Prec, Rec, F-score
2020-08-26 17:11:18,576:INFO:
======================EVALUATION=============================

2020-08-26 17:11:18,576:INFO:Acc, Prec, Rec, F-score
2020-08-26 17:11:18,609:INFO:
======================EVALUATION=============================

2020-08-26 17:11:18,609:INFO:Acc, Prec, Rec, F-score
2020-08-26 17:11:18,629:INFO:
======================EVALUATION=============================

2020-08-26 17:11:18,629:INFO:Acc, Prec, Rec, F-score
2020-08-26 17:11:18,658:INFO:
======================EVALUATION=============================

2020-08-26 17:11:18,658:INFO:Acc, Prec, Rec, F-score
2020-08-26 17:11:18,687:INFO:
======================EVALUATION=============================

2020-08-26 17:11:18,687:INFO:Acc, Prec, Rec, F-score
2020-08-26 17:11:18,719:INFO:
======================EVALUATION=============================

2020-08-26 17:11:18,719:INFO:Acc, Prec, Rec, F-score
2020-08-26 17:11:18,767:INFO:
======================EVALUATION=============================

2020-08-26 17:11:18,767:INFO:Acc, Prec, Rec, F-score
2020-08-26 17:11:18,857:INFO:
======================EVALUATION=============================

2020-08-26 17:11:18,860:INFO:Acc, Prec, Rec, F-score
2020-08-26 17:11:18,924:INFO:
======================EVALUATION=============================

2020-08-26 17:11:18,924:INFO:Acc, Prec, Rec, F-score
2020-08-26 17:11:19,008:INFO:
======================EVALUATION=============================

2020-08-26 17:11:19,020:INFO:Acc, Prec, Rec, F-score
2020-08-26 17:11:19,098:INFO:
======================EVALUATION=============================

2020-08-26 17:11:19,098:INFO:Acc, Prec, Rec, F-score
2020-08-26 17:11:19,152:INFO:
======================EVALUATION=============================

2020-08-26 17:11:19,152:INFO:Acc, Prec, Rec, F-score
2020-08-26 17:11:19,217:INFO:
======================EVALUATION=============================

2020-08-26 17:11:19,217:INFO:Acc, Prec, Rec, F-score
2020-08-26 17:11:19,269:INFO:
======================EVALUATION=============================

2020-08-26 17:11:19,269:INFO:Acc, Prec, Rec, F-score
2020-08-26 17:11:19,327:INFO:
======================EVALUATION=============================

2020-08-26 17:11:19,327:INFO:Acc, Prec, Rec, F-score
2020-08-26 17:11:19,383:INFO:
======================EVALUATION=============================

2020-08-26 17:11:19,384:INFO:Acc, Prec, Rec, F-score
2020-08-26 17:11:19,428:INFO:
======================EVALUATION=============================

2020-08-26 17:11:19,428:INFO:Acc, Prec, Rec, F-score
2020-08-26 17:11:19,535:INFO:
======================EVALUATION=============================

2020-08-26 17:11:19,548:INFO:Acc, Prec, Rec, F-score
2020-08-26 17:11:19,661:INFO:
======================EVALUATION=============================

2020-08-26 17:11:19,672:INFO:Acc, Prec, Rec, F-score
2020-08-26 17:11:19,748:INFO:
======================EVALUATION=============================

2020-08-26 17:11:19,749:INFO:Acc, Prec, Rec, F-score
2020-08-26 17:11:19,844:INFO:
======================EVALUATION=============================

2020-08-26 17:11:19,859:INFO:Acc, Prec, Rec, F-score
2020-08-26 17:11:19,919:INFO:
======================EVALUATION=============================

2020-08-26 17:11:19,920:INFO:Acc, Prec, Rec, F-score
2020-08-26 17:11:20,063:INFO:
======================EVALUATION=============================

2020-08-26 17:11:20,063:INFO:Acc, Prec, Rec, F-score
2020-08-26 17:11:20,111:INFO:
======================EVALUATION=============================

2020-08-26 17:11:20,112:INFO:Acc, Prec, Rec, F-score
2020-08-26 17:11:20,167:INFO:
======================EVALUATION=============================

2020-08-26 17:11:20,167:INFO:Acc, Prec, Rec, F-score
2020-08-26 17:11:20,294:INFO:
======================EVALUATION=============================

2020-08-26 17:11:20,295:INFO:Acc, Prec, Rec, F-score
2020-08-26 17:11:20,396:INFO:
======================EVALUATION=============================

2020-08-26 17:11:20,396:INFO:Acc, Prec, Rec, F-score
2020-08-26 17:11:20,450:INFO:
======================EVALUATION=============================

2020-08-26 17:11:20,451:INFO:Acc, Prec, Rec, F-score
2020-08-26 17:11:20,529:INFO:
======================EVALUATION=============================

2020-08-26 17:11:20,529:INFO:Acc, Prec, Rec, F-score
2020-08-26 17:11:20,581:INFO:
======================EVALUATION=============================

2020-08-26 17:11:20,581:INFO:Acc, Prec, Rec, F-score
2020-08-26 17:11:20,646:INFO:
======================EVALUATION=============================

2020-08-26 17:11:20,646:INFO:Acc, Prec, Rec, F-score
2020-08-26 17:11:20,707:INFO:
======================EVALUATION=============================

2020-08-26 17:11:20,707:INFO:Acc, Prec, Rec, F-score
2020-08-26 17:11:20,746:INFO:
======================EVALUATION=============================

2020-08-26 17:11:20,746:INFO:Acc, Prec, Rec, F-score
2020-08-26 17:11:20,785:INFO:
======================EVALUATION=============================

2020-08-26 17:11:20,785:INFO:Acc, Prec, Rec, F-score
2020-08-26 17:11:20,816:INFO:
======================EVALUATION=============================

2020-08-26 17:11:20,817:INFO:Acc, Prec, Rec, F-score
2020-08-26 17:11:20,852:INFO:
======================EVALUATION=============================

2020-08-26 17:11:20,853:INFO:Acc, Prec, Rec, F-score
2020-08-26 17:11:20,908:INFO:
======================EVALUATION=============================

2020-08-26 17:11:20,908:INFO:Acc, Prec, Rec, F-score
2020-08-26 17:11:20,961:INFO:
======================EVALUATION=============================

2020-08-26 17:11:20,961:INFO:Acc, Prec, Rec, F-score
2020-08-26 17:11:21,013:INFO:
======================EVALUATION=============================

2020-08-26 17:11:21,013:INFO:Acc, Prec, Rec, F-score
2020-08-26 17:11:21,110:INFO:
======================EVALUATION=============================

2020-08-26 17:11:21,110:INFO:Acc, Prec, Rec, F-score
2020-08-26 17:11:21,141:INFO:
======================EVALUATION=============================

2020-08-26 17:11:21,141:INFO:Acc, Prec, Rec, F-score
2020-08-26 17:11:21,177:INFO:
======================EVALUATION=============================

2020-08-26 17:11:21,177:INFO:Acc, Prec, Rec, F-score
2020-08-26 17:11:21,227:INFO:
======================EVALUATION=============================

2020-08-26 17:11:21,227:INFO:Acc, Prec, Rec, F-score
2020-08-26 17:11:21,263:INFO:
======================EVALUATION=============================

2020-08-26 17:11:21,263:INFO:Acc, Prec, Rec, F-score
2020-08-26 17:11:21,299:INFO:
======================EVALUATION=============================

2020-08-26 17:11:21,299:INFO:Acc, Prec, Rec, F-score
2020-08-26 17:11:21,320:INFO:
======================EVALUATION=============================

2020-08-26 17:11:21,320:INFO:Acc, Prec, Rec, F-score
2020-08-26 17:11:21,356:INFO:
======================EVALUATION=============================

2020-08-26 17:11:21,357:INFO:Acc, Prec, Rec, F-score
2020-08-26 17:11:21,379:INFO:
======================EVALUATION=============================

2020-08-26 17:11:21,379:INFO:Acc, Prec, Rec, F-score
2020-08-26 17:11:21,417:INFO:
======================EVALUATION=============================

2020-08-26 17:11:21,417:INFO:Acc, Prec, Rec, F-score
2020-08-26 17:11:21,439:INFO:
======================EVALUATION=============================

2020-08-26 17:11:21,439:INFO:Acc, Prec, Rec, F-score
2020-08-26 17:11:21,470:INFO:
======================EVALUATION=============================

2020-08-26 17:11:21,470:INFO:Acc, Prec, Rec, F-score
2020-08-26 17:11:21,508:INFO:
======================EVALUATION=============================

2020-08-26 17:11:21,508:INFO:Acc, Prec, Rec, F-score
2020-08-26 17:11:21,529:INFO:
======================EVALUATION=============================

2020-08-26 17:11:21,529:INFO:Acc, Prec, Rec, F-score
2020-08-26 17:11:21,565:INFO:
======================EVALUATION=============================

2020-08-26 17:11:21,565:INFO:Acc, Prec, Rec, F-score
2020-08-26 17:11:21,597:INFO:
======================EVALUATION=============================

2020-08-26 17:11:21,597:INFO:Acc, Prec, Rec, F-score
2020-08-26 17:11:21,618:INFO:
======================EVALUATION=============================

2020-08-26 17:11:21,618:INFO:Acc, Prec, Rec, F-score
2020-08-26 17:11:21,654:INFO:
======================EVALUATION=============================

2020-08-26 17:11:21,654:INFO:Acc, Prec, Rec, F-score
2020-08-26 17:11:21,685:INFO:
======================EVALUATION=============================

2020-08-26 17:11:21,685:INFO:Acc, Prec, Rec, F-score
2020-08-26 17:11:21,728:INFO:
======================EVALUATION=============================

2020-08-26 17:11:21,728:INFO:Acc, Prec, Rec, F-score
2020-08-26 17:11:21,763:INFO:
======================EVALUATION=============================

2020-08-26 17:11:21,764:INFO:Acc, Prec, Rec, F-score
2020-08-26 17:11:21,800:INFO:
======================EVALUATION=============================

2020-08-26 17:11:21,800:INFO:Acc, Prec, Rec, F-score
2020-08-26 17:11:21,831:INFO:
======================EVALUATION=============================

2020-08-26 17:11:21,831:INFO:Acc, Prec, Rec, F-score
2020-08-26 17:11:21,854:INFO:
======================EVALUATION=============================

2020-08-26 17:11:21,854:INFO:Acc, Prec, Rec, F-score
2020-08-26 17:11:21,878:INFO:
======================EVALUATION=============================

2020-08-26 17:11:21,878:INFO:Acc, Prec, Rec, F-score
2020-08-26 17:11:21,907:INFO:
======================EVALUATION=============================

2020-08-26 17:11:21,908:INFO:Acc, Prec, Rec, F-score
2020-08-26 17:11:21,932:INFO:
======================EVALUATION=============================

2020-08-26 17:11:21,933:INFO:Acc, Prec, Rec, F-score
2020-08-26 17:11:21,958:INFO:
======================EVALUATION=============================

2020-08-26 17:11:21,958:INFO:Acc, Prec, Rec, F-score
2020-08-26 17:11:21,987:INFO:
======================EVALUATION=============================

2020-08-26 17:11:21,987:INFO:Acc, Prec, Rec, F-score
2020-08-26 17:11:22,010:INFO:
======================EVALUATION=============================

2020-08-26 17:11:22,010:INFO:Acc, Prec, Rec, F-score
2020-08-26 17:11:22,038:INFO:
======================EVALUATION=============================

2020-08-26 17:11:22,038:INFO:Acc, Prec, Rec, F-score
2020-08-26 17:11:22,058:INFO:
======================EVALUATION=============================

2020-08-26 17:11:22,059:INFO:Acc, Prec, Rec, F-score
2020-08-26 17:11:22,091:INFO:
======================EVALUATION=============================

2020-08-26 17:11:22,091:INFO:Acc, Prec, Rec, F-score
2020-08-26 17:11:22,129:INFO:
======================EVALUATION=============================

2020-08-26 17:11:22,130:INFO:Acc, Prec, Rec, F-score
2020-08-26 17:11:22,151:INFO:
======================EVALUATION=============================

2020-08-26 17:11:22,151:INFO:Acc, Prec, Rec, F-score
2020-08-26 17:11:22,176:INFO:
======================EVALUATION=============================

2020-08-26 17:11:22,176:INFO:Acc, Prec, Rec, F-score
2020-08-26 17:11:22,204:INFO:
======================EVALUATION=============================

2020-08-26 17:11:22,204:INFO:Acc, Prec, Rec, F-score
2020-08-26 17:11:22,228:INFO:
======================EVALUATION=============================

2020-08-26 17:11:22,228:INFO:Acc, Prec, Rec, F-score
2020-08-26 17:11:22,264:INFO:
======================EVALUATION=============================

2020-08-26 17:11:22,264:INFO:Acc, Prec, Rec, F-score
2020-08-26 17:11:22,292:INFO:
======================EVALUATION=============================

2020-08-26 17:11:22,292:INFO:Acc, Prec, Rec, F-score
2020-08-26 17:11:22,322:INFO:
======================EVALUATION=============================

2020-08-26 17:11:22,322:INFO:Acc, Prec, Rec, F-score
2020-08-26 17:11:22,352:INFO:
======================EVALUATION=============================

2020-08-26 17:11:22,352:INFO:Acc, Prec, Rec, F-score
2020-08-26 17:11:22,387:INFO:
======================EVALUATION=============================

2020-08-26 17:11:22,387:INFO:Acc, Prec, Rec, F-score
2020-08-26 17:11:22,419:INFO:
======================EVALUATION=============================

2020-08-26 17:11:22,419:INFO:Acc, Prec, Rec, F-score
2020-08-26 17:11:22,449:INFO:
======================EVALUATION=============================

2020-08-26 17:11:22,449:INFO:Acc, Prec, Rec, F-score
2020-08-26 17:11:22,476:INFO:
======================EVALUATION=============================

2020-08-26 17:11:22,476:INFO:Acc, Prec, Rec, F-score
2020-08-26 17:11:22,503:INFO:
======================EVALUATION=============================

2020-08-26 17:11:22,503:INFO:Acc, Prec, Rec, F-score
2020-08-26 17:11:22,533:INFO:
======================EVALUATION=============================

2020-08-26 17:11:22,533:INFO:Acc, Prec, Rec, F-score
2020-08-26 17:11:22,559:INFO:
======================EVALUATION=============================

2020-08-26 17:11:22,559:INFO:Acc, Prec, Rec, F-score
2020-08-26 17:11:22,586:INFO:
======================EVALUATION=============================

2020-08-26 17:11:22,586:INFO:Acc, Prec, Rec, F-score
2020-08-26 17:11:22,615:INFO:
======================EVALUATION=============================

2020-08-26 17:11:22,615:INFO:Acc, Prec, Rec, F-score
2020-08-26 17:11:22,649:INFO:
======================EVALUATION=============================

2020-08-26 17:11:22,650:INFO:Acc, Prec, Rec, F-score
2020-08-26 17:11:22,674:INFO:
======================EVALUATION=============================

2020-08-26 17:11:22,674:INFO:Acc, Prec, Rec, F-score
2020-08-26 17:11:22,703:INFO:
======================EVALUATION=============================

2020-08-26 17:11:22,703:INFO:Acc, Prec, Rec, F-score
2020-08-26 17:11:22,738:INFO:
======================EVALUATION=============================

2020-08-26 17:11:22,738:INFO:Acc, Prec, Rec, F-score
2020-08-26 17:11:22,781:INFO:
======================EVALUATION=============================

2020-08-26 17:11:22,781:INFO:Acc, Prec, Rec, F-score
2020-08-26 17:11:22,803:INFO:
======================EVALUATION=============================

2020-08-26 17:11:22,803:INFO:Acc, Prec, Rec, F-score
2020-08-26 17:11:22,827:INFO:
======================EVALUATION=============================

2020-08-26 17:11:22,827:INFO:Acc, Prec, Rec, F-score
2020-08-26 17:11:22,863:INFO:
======================EVALUATION=============================

2020-08-26 17:11:22,863:INFO:Acc, Prec, Rec, F-score
2020-08-26 17:11:22,896:INFO:
======================EVALUATION=============================

2020-08-26 17:11:22,896:INFO:Acc, Prec, Rec, F-score
2020-08-26 17:11:22,920:INFO:
======================EVALUATION=============================

2020-08-26 17:11:22,920:INFO:Acc, Prec, Rec, F-score
2020-08-26 17:11:22,958:INFO:
======================EVALUATION=============================

2020-08-26 17:11:22,958:INFO:Acc, Prec, Rec, F-score
2020-08-26 17:11:23,000:INFO:
======================EVALUATION=============================

2020-08-26 17:11:23,000:INFO:Acc, Prec, Rec, F-score
2020-08-26 17:11:23,021:INFO:
======================EVALUATION=============================

2020-08-26 17:11:23,021:INFO:Acc, Prec, Rec, F-score
2020-08-26 17:11:23,047:INFO:
======================EVALUATION=============================

2020-08-26 17:11:23,048:INFO:Acc, Prec, Rec, F-score
2020-08-26 17:11:23,075:INFO:
======================EVALUATION=============================

2020-08-26 17:11:23,075:INFO:Acc, Prec, Rec, F-score
2020-08-26 17:11:23,107:INFO:
======================EVALUATION=============================

2020-08-26 17:11:23,107:INFO:Acc, Prec, Rec, F-score
2020-08-26 17:11:23,142:INFO:
======================EVALUATION=============================

2020-08-26 17:11:23,142:INFO:Acc, Prec, Rec, F-score
2020-08-26 17:11:23,182:INFO:
======================EVALUATION=============================

2020-08-26 17:11:23,182:INFO:Acc, Prec, Rec, F-score
2020-08-26 17:11:23,219:INFO:
======================EVALUATION=============================

2020-08-26 17:11:23,219:INFO:Acc, Prec, Rec, F-score
2020-08-26 17:11:23,260:INFO:
======================EVALUATION=============================

2020-08-26 17:11:23,260:INFO:Acc, Prec, Rec, F-score
2020-08-26 17:11:23,282:INFO:
======================EVALUATION=============================

2020-08-26 17:11:23,282:INFO:Acc, Prec, Rec, F-score
2020-08-26 17:11:23,320:INFO:
======================EVALUATION=============================

2020-08-26 17:11:23,320:INFO:Acc, Prec, Rec, F-score
2020-08-26 17:11:23,348:INFO:
======================EVALUATION=============================

2020-08-26 17:11:23,348:INFO:Acc, Prec, Rec, F-score
2020-08-26 17:11:23,382:INFO:
======================EVALUATION=============================

2020-08-26 17:11:23,382:INFO:Acc, Prec, Rec, F-score
2020-08-26 17:11:23,412:INFO:
======================EVALUATION=============================

2020-08-26 17:11:23,412:INFO:Acc, Prec, Rec, F-score
2020-08-26 17:11:23,436:INFO:
======================EVALUATION=============================

2020-08-26 17:11:23,436:INFO:Acc, Prec, Rec, F-score
2020-08-26 17:11:23,474:INFO:
======================EVALUATION=============================

2020-08-26 17:11:23,475:INFO:Acc, Prec, Rec, F-score
2020-08-26 17:11:23,510:INFO:
======================EVALUATION=============================

2020-08-26 17:11:23,511:INFO:Acc, Prec, Rec, F-score
2020-08-26 17:11:23,541:INFO:
======================EVALUATION=============================

2020-08-26 17:11:23,541:INFO:Acc, Prec, Rec, F-score
2020-08-26 17:11:23,563:INFO:
======================EVALUATION=============================

2020-08-26 17:11:23,564:INFO:Acc, Prec, Rec, F-score
2020-08-26 17:11:23,597:INFO:
======================EVALUATION=============================

2020-08-26 17:11:23,597:INFO:Acc, Prec, Rec, F-score
2020-08-26 17:11:23,632:INFO:
======================EVALUATION=============================

2020-08-26 17:11:23,632:INFO:Acc, Prec, Rec, F-score
2020-08-26 17:11:23,662:INFO:
======================EVALUATION=============================

2020-08-26 17:11:23,662:INFO:Acc, Prec, Rec, F-score
2020-08-26 17:11:23,687:INFO:
======================EVALUATION=============================

2020-08-26 17:11:23,688:INFO:Acc, Prec, Rec, F-score
2020-08-26 17:11:23,722:INFO:
======================EVALUATION=============================

2020-08-26 17:11:23,722:INFO:Acc, Prec, Rec, F-score
2020-08-26 17:11:23,755:INFO:
======================EVALUATION=============================

2020-08-26 17:11:23,755:INFO:Acc, Prec, Rec, F-score

=========================================================================
2020-08-26 17:11:27
=========================================================================
2020-08-26 17:11:44,308:INFO:Result under construction!!
2020-08-26 17:11:44,333:INFO:
======================INFERENCE=============================

2020-08-26 17:11:44,333:INFO:All probable splits
2020-08-26 17:11:44,333:INFO:('ने', 'पालको') 0.11366535265159142
2020-08-26 17:11:44,333:INFO:('नेपा', 'लको') 0.11366535265159142
2020-08-26 17:11:44,333:INFO:('नेपाल', 'को') 0.11491879518914615
2020-08-26 17:11:44,334:INFO:('नेपालको', '') 2.4301436952591998e-05
2020-08-26 17:11:44,334:INFO:Best split ('नेपाल', 'को') 0.11491879518914615


=========================================================================
2020-08-26 17:31:08
=========================================================================

=========================================================================
2020-08-26 17:32:55
=========================================================================

=========================================================================
2020-08-26 17:35:09
=========================================================================

=========================================================================
2020-08-26 17:35:40
=========================================================================

=========================================================================
2020-08-26 17:36:23
=========================================================================

=========================================================================
2020-08-26 17:53:15
=========================================================================

=========================================================================
2020-08-26 17:53:28
=========================================================================

=========================================================================
2020-08-26 17:54:11
=========================================================================

=========================================================================
2020-08-26 17:54:29
=========================================================================

=========================================================================
2020-08-26 17:57:35
=========================================================================

=========================================================================
2020-08-26 17:59:13
=========================================================================

=========================================================================
2020-08-26 18:13:22
=========================================================================

=========================================================================
2020-08-26 18:16:30
=========================================================================

=========================================================================
2020-08-26 18:16:44
=========================================================================

=========================================================================
2020-08-26 18:20:49
=========================================================================
2020-08-26 18:21:06,961:INFO:Result under construction!!
2020-08-26 18:21:06,988:INFO:
======================INFERENCE=============================

2020-08-26 18:21:06,988:INFO:All probable splits
2020-08-26 18:21:06,989:INFO:('ने', 'पालको') 0.11366535265159142
2020-08-26 18:21:06,989:INFO:('नेपा', 'लको') 0.11366535265159142
2020-08-26 18:21:06,989:INFO:('नेपाल', 'को') 0.11491879518914615
2020-08-26 18:21:06,989:INFO:('नेपालको', '') 2.4301436952591998e-05
2020-08-26 18:21:06,989:INFO:Best split ('नेपाल', 'को') 0.11491879518914615


=========================================================================
2020-08-26 18:29:42
=========================================================================

=========================================================================
2020-08-26 18:29:55
=========================================================================

=========================================================================
2020-08-26 18:31:18
=========================================================================

=========================================================================
2020-08-26 18:34:20
=========================================================================

=========================================================================
2020-08-26 18:34:51
=========================================================================

=========================================================================
2020-08-26 18:36:33
=========================================================================

=========================================================================
2020-08-26 18:37:19
=========================================================================

=========================================================================
2020-08-26 18:37:48
=========================================================================
2020-08-26 18:38:07,582:INFO:Result under construction!!
2020-08-26 18:38:07,615:INFO:
======================INFERENCE=============================

2020-08-26 18:38:07,615:INFO:All probable splits
2020-08-26 18:38:07,616:INFO:('ने', 'पालको') 0.11366535265159142
2020-08-26 18:38:07,616:INFO:('नेपा', 'लको') 0.11366535265159142
2020-08-26 18:38:07,616:INFO:('नेपाल', 'को') 0.11491879518914615
2020-08-26 18:38:07,616:INFO:('नेपालको', '') 2.4301436952591998e-05
2020-08-26 18:38:07,617:INFO:Best split ('नेपाल', 'को') 0.11491879518914615


=========================================================================
2020-08-26 18:38:57
=========================================================================
2020-08-26 18:39:15,519:INFO:Result under construction!!
2020-08-26 18:39:15,544:INFO:
======================INFERENCE=============================

2020-08-26 18:39:15,545:INFO:All probable splits
2020-08-26 18:39:15,545:INFO:('ने', 'पालको') 0.11366535265159142
2020-08-26 18:39:15,545:INFO:('नेपा', 'लको') 0.11366535265159142
2020-08-26 18:39:15,545:INFO:('नेपाल', 'को') 0.11491879518914615
2020-08-26 18:39:15,545:INFO:('नेपालको', '') 2.4301436952591998e-05
2020-08-26 18:39:15,546:INFO:Best split ('नेपाल', 'को') 0.11491879518914615


=========================================================================
2020-08-26 18:49:39
=========================================================================

=========================================================================
2020-08-26 18:50:26
=========================================================================

=========================================================================
2020-08-26 19:09:08
=========================================================================

=========================================================================
2020-08-26 19:11:09
=========================================================================
2020-08-26 19:11:26,638:INFO:Precision: 1.000, Recall: 0.333, F-score: 0.500
2020-08-26 19:11:26,669:INFO:
======================INFERENCE=============================

2020-08-26 19:11:26,669:INFO:All probable splits
2020-08-26 19:11:26,669:INFO:('ने', 'पालको') 0.11366535265159142
2020-08-26 19:11:26,669:INFO:('नेपा', 'लको') 0.11366535265159142
2020-08-26 19:11:26,669:INFO:('नेपाल', 'को') 0.11491879518914615
2020-08-26 19:11:26,669:INFO:('नेपालको', '') 2.4301436952591998e-05
2020-08-26 19:11:26,670:INFO:Best split ('नेपाल', 'को') 0.11491879518914615


=========================================================================
2020-08-26 19:14:51
=========================================================================
2020-08-26 19:14:51,410:INFO:
======================INFERENCE=============================

2020-08-26 19:14:51,411:INFO:All probable splits
2020-08-26 19:14:51,411:INFO:('सु', 'धारका') 3.0376796190739998e-06
2020-08-26 19:14:51,411:INFO:('सुधा', 'रका') 4.075833976423736e-06
2020-08-26 19:14:51,411:INFO:('सुधार', 'का') 2.037916988211868e-06
2020-08-26 19:14:51,411:INFO:('सुधारका', '') 2.366613276633137e-10
2020-08-26 19:14:51,412:INFO:Best split ('सुधा', 'रका') 4.075833976423736e-06


=========================================================================
2020-08-26 19:16:38
=========================================================================
2020-08-26 19:16:38,065:INFO:
======================INFERENCE=============================

2020-08-26 19:16:38,065:INFO:All probable splits
2020-08-26 19:16:38,065:INFO:('सु', 'धारका') 3.0376796190739998e-06
2020-08-26 19:16:38,065:INFO:('सुधा', 'रका') 4.075833976423736e-06
2020-08-26 19:16:38,065:INFO:('सुधार', 'का') 2.037916988211868e-06
2020-08-26 19:16:38,065:INFO:('सुधारका', '') 2.366613276633137e-10
2020-08-26 19:16:38,066:INFO:Best split ('सुधा', 'रका') 4.075833976423736e-06


=========================================================================
2020-08-26 19:17:00
=========================================================================
2020-08-26 19:17:01,031:INFO:
======================INFERENCE=============================

2020-08-26 19:17:01,031:INFO:All probable splits
2020-08-26 19:17:01,032:INFO:('शि', 'क्षालाई') 0.11625182137987898
2020-08-26 19:17:01,032:INFO:('शिक्', 'षालाई') 0.10463118687921553
2020-08-26 19:17:01,032:INFO:('शिक्षा', 'लाई') 0.11485876618947159
2020-08-26 19:17:01,032:INFO:('शिक्षाला', 'ई') 1.1191451228167367e-06
2020-08-26 19:17:01,032:INFO:('शिक्षालाई', '') 1.1833066383165684e-10
2020-08-26 19:17:01,032:INFO:Best split ('शि', 'क्षालाई') 0.11625182137987898


=========================================================================
2020-08-26 19:17:19
=========================================================================
2020-08-26 19:17:19,892:INFO:
======================INFERENCE=============================

2020-08-26 19:17:19,892:INFO:All probable splits
2020-08-26 19:17:19,892:INFO:('म', 'होत्सवका') 7.6822896529819e-07
2020-08-26 19:17:19,892:INFO:('महो', 'त्सवका') 5.916533191582842e-11
2020-08-26 19:17:19,892:INFO:('महोत्', 'सवका') 5.916533191582842e-11
2020-08-26 19:17:19,893:INFO:('महोत्स', 'वका') 5.916533191582842e-11
2020-08-26 19:17:19,893:INFO:('महोत्सव', 'का') 5.595725614083683e-07
2020-08-26 19:17:19,893:INFO:('महोत्सवका', '') 5.916533191582842e-11
2020-08-26 19:17:19,893:INFO:Best split ('म', 'होत्सवका') 7.6822896529819e-07


=========================================================================
2020-08-26 19:18:59
=========================================================================
2020-08-26 19:18:59,604:INFO:
======================INFERENCE=============================

2020-08-26 19:18:59,605:INFO:All probable splits
2020-08-26 19:18:59,605:INFO:('ज', 'नाएको') 0.11625182137987898
2020-08-26 19:18:59,605:INFO:('जना', 'एको') 0.1135417137618326
2020-08-26 19:18:59,605:INFO:('जनाए', 'को') 2.037916988211868e-06
2020-08-26 19:18:59,605:INFO:('जनाएको', '') 2.366613276633137e-10
2020-08-26 19:18:59,605:INFO:Best split ('ज', 'नाएको') 0.11625182137987898


=========================================================================
2020-08-26 19:30:58
=========================================================================
2020-08-26 19:31:15,061:INFO:Precision: 1.000, Recall: 0.333, F-score: 0.500
2020-08-26 19:31:15,089:INFO:
======================INFERENCE=============================

2020-08-26 19:31:15,089:INFO:All probable splits
2020-08-26 19:31:15,089:INFO:('ने', 'पालको') 0.11366535265159142
2020-08-26 19:31:15,089:INFO:('नेपा', 'लको') 0.11366535265159142
2020-08-26 19:31:15,089:INFO:('नेपाल', 'को') 0.11491879518914615
2020-08-26 19:31:15,089:INFO:('नेपालको', '') 2.4301436952591998e-05
2020-08-26 19:31:15,090:INFO:Best split ('नेपाल', 'को') 0.11491879518914615


=========================================================================
2020-08-29 13:18:02
=========================================================================

=========================================================================
2020-08-29 13:19:26
=========================================================================

=========================================================================
2020-08-29 13:20:30
=========================================================================

=========================================================================
2020-08-29 13:21:38
=========================================================================

=========================================================================
2020-08-29 13:21:55
=========================================================================

=========================================================================
2020-08-29 13:30:09
=========================================================================
2020-08-29 13:31:04,150:INFO:Precision: 0.156, Recall: 0.960, F-score: 0.269
2020-08-29 13:31:04,177:INFO:
======================INFERENCE=============================

2020-08-29 13:31:04,177:INFO:All probable splits
2020-08-29 13:31:04,177:INFO:('ने', 'पालको') 0.10584487966330618
2020-08-29 13:31:04,177:INFO:('नेपा', 'लको') 0.11625182137987898
2020-08-29 13:31:04,177:INFO:('नेपाल', 'को') 0.1135417137618326
2020-08-29 13:31:04,177:INFO:('नेपालको', '') 2.4301436952591998e-05
2020-08-29 13:31:04,178:INFO:Best split ('नेपा', 'लको') 0.11625182137987898


=========================================================================
2020-08-29 13:35:15
=========================================================================
2020-08-29 13:36:03,549:INFO:Precision: 0.177, Recall: 0.964, F-score: 0.298
2020-08-29 13:36:03,575:INFO:
======================INFERENCE=============================

2020-08-29 13:36:03,575:INFO:All probable splits
2020-08-29 13:36:03,576:INFO:('ने', 'पालको') 0.10965871961607433
2020-08-29 13:36:03,576:INFO:('नेपा', 'लको') 0.11393918324772388
2020-08-29 13:36:03,576:INFO:('नेपाल', 'को') 0.12528770747558482
2020-08-29 13:36:03,576:INFO:('नेपालको', '') 2.5534179512687125e-05
2020-08-29 13:36:03,576:INFO:Best split ('नेपाल', 'को') 0.12528770747558482


=========================================================================
2020-08-29 13:46:46
=========================================================================
2020-08-29 13:47:38,703:INFO:Precision: 0.156, Recall: 0.960, F-score: 0.269
2020-08-29 13:47:38,734:INFO:
======================INFERENCE=============================

2020-08-29 13:47:38,734:INFO:All probable splits
2020-08-29 13:47:38,734:INFO:('ने', 'पालको') 0.10584487966330618
2020-08-29 13:47:38,734:INFO:('नेपा', 'लको') 0.11625182137987898
2020-08-29 13:47:38,734:INFO:('नेपाल', 'को') 0.1135417137618326
2020-08-29 13:47:38,734:INFO:('नेपालको', '') 2.4301436952591998e-05
2020-08-29 13:47:38,735:INFO:Best split ('नेपा', 'लको') 0.11625182137987898


=========================================================================
2020-08-30 16:12:15
=========================================================================
2020-08-30 16:12:15,411:INFO:
======================HYPERPARAMETERS=============================

2020-08-30 16:12:15,411:INFO:Initial cluster size : 3
2020-08-30 16:12:15,411:INFO:CRP alpha : 0.9
2020-08-30 16:12:15,411:INFO:Number of words : 5000
2020-08-30 16:12:15,411:INFO:Number of iteration : 5
2020-08-30 16:12:15,411:INFO:Selected method : collapsed
2020-08-30 16:12:15,411:INFO:Beta Geometric alpha : 1.0
2020-08-30 16:12:15,411:INFO:Beta Geometric beta : 2.0
2020-08-30 16:12:15,411:INFO:Probability of joining new cluster : 0.5
2020-08-30 16:12:15,411:INFO:Model filename : segmented
2020-08-30 16:12:15,411:INFO:Training filename : train.txt
2020-08-30 16:12:15,412:INFO:
==================================================================


=========================================================================
2020-08-30 16:13:20
=========================================================================
2020-08-30 16:13:20,147:INFO:
======================HYPERPARAMETERS=============================

2020-08-30 16:13:20,147:INFO:Initial cluster size : 3
2020-08-30 16:13:20,147:INFO:CRP alpha : 0.9
2020-08-30 16:13:20,147:INFO:Number of words : 5000
2020-08-30 16:13:20,148:INFO:Number of iteration : 5
2020-08-30 16:13:20,148:INFO:Selected method : collapsed
2020-08-30 16:13:20,148:INFO:Beta Geometric alpha : 1.0
2020-08-30 16:13:20,148:INFO:Beta Geometric beta : 2.0
2020-08-30 16:13:20,148:INFO:Probability of joining new cluster : 0.5
2020-08-30 16:13:20,148:INFO:Model filename : segmented
2020-08-30 16:13:20,148:INFO:Training filename : train.txt
2020-08-30 16:13:20,148:INFO:
==================================================================

2020-08-30 16:13:20,222:INFO:
======================INFERENCE=============================

2020-08-30 16:13:20,222:INFO:All probable splits
2020-08-30 16:13:20,222:INFO:('प्', 'रहरीलाई') 7.6822896529819e-07
2020-08-30 16:13:20,222:INFO:('प्र', 'हरीलाई') 1.5188398095369999e-06
2020-08-30 16:13:20,222:INFO:('प्रह', 'रीलाई') 0.11485876618947159
2020-08-30 16:13:20,222:INFO:('प्रहरी', 'लाई') 0.11230329132987356
2020-08-30 16:13:20,222:INFO:('प्रहरीला', 'ई') 5.595725614083683e-07
2020-08-30 16:13:20,222:INFO:('प्रहरीलाई', '') 5.916533191582842e-11
2020-08-30 16:13:20,223:INFO:Best split ('प्रह', 'रीलाई') 0.11485876618947159


=========================================================================
2020-08-30 16:18:59
=========================================================================
2020-08-30 16:18:59,355:INFO:
======================HYPERPARAMETERS=============================

2020-08-30 16:18:59,355:INFO:Initial cluster size : 3
2020-08-30 16:18:59,355:INFO:CRP alpha : 0.9
2020-08-30 16:18:59,356:INFO:Number of words : 5000
2020-08-30 16:18:59,356:INFO:Number of iteration : 5
2020-08-30 16:18:59,356:INFO:Selected method : collapsed
2020-08-30 16:18:59,356:INFO:Beta Geometric alpha : 1.0
2020-08-30 16:18:59,356:INFO:Beta Geometric beta : 2.0
2020-08-30 16:18:59,356:INFO:Probability of joining new cluster : 0.5
2020-08-30 16:18:59,356:INFO:Model filename : segmentation_model.pkl
2020-08-30 16:18:59,356:INFO:Training filename : train.txt
2020-08-30 16:18:59,356:INFO:
==================================================================

2020-08-30 16:18:59,427:INFO:
======================INFERENCE=============================

2020-08-30 16:18:59,427:INFO:All probable splits
2020-08-30 16:18:59,427:INFO:('प्', 'रहरीलाई') 7.6822896529819e-07
2020-08-30 16:18:59,427:INFO:('प्र', 'हरीलाई') 1.5188398095369999e-06
2020-08-30 16:18:59,428:INFO:('प्रह', 'रीलाई') 0.11485876618947159
2020-08-30 16:18:59,428:INFO:('प्रहरी', 'लाई') 0.11230329132987356
2020-08-30 16:18:59,428:INFO:('प्रहरीला', 'ई') 5.595725614083683e-07
2020-08-30 16:18:59,428:INFO:('प्रहरीलाई', '') 5.916533191582842e-11
2020-08-30 16:18:59,428:INFO:Best split ('प्रह', 'रीलाई') 0.11485876618947159


=========================================================================
2020-09-10 20:52:22
=========================================================================
2020-09-10 20:52:22,061:INFO:
======================HYPERPARAMETERS=============================

2020-09-10 20:52:22,061:INFO:Initial cluster size : 3
2020-09-10 20:52:22,061:INFO:CRP alpha : 0.9
2020-09-10 20:52:22,061:INFO:Number of words : 5000
2020-09-10 20:52:22,061:INFO:Number of iteration : 5
2020-09-10 20:52:22,061:INFO:Selected method : collapsed
2020-09-10 20:52:22,061:INFO:Beta Geometric alpha : 1.0
2020-09-10 20:52:22,061:INFO:Beta Geometric beta : 2.0
2020-09-10 20:52:22,061:INFO:Probability of joining new cluster : 0.5
2020-09-10 20:52:22,061:INFO:Model filename : segmentation_model.pkl
2020-09-10 20:52:22,062:INFO:Training filename : train.txt
2020-09-10 20:52:22,086:INFO:
======================INFERENCE=============================

2020-09-10 20:52:22,118:INFO:All probable splits
2020-09-10 20:52:22,118:INFO:('ने', 'पालको') 0.11366535265159142
2020-09-10 20:52:22,118:INFO:('नेपा', 'लको') 0.11491879518914615
2020-09-10 20:52:22,118:INFO:('नेपाल', 'को') 0.11625182137987898
2020-09-10 20:52:22,118:INFO:('नेपालको', '') 2.458332688954208e-05
2020-09-10 20:52:22,119:INFO:Best split ('नेपाल', 'को') 0.11625182137987898


=========================================================================
2020-09-10 21:04:34
=========================================================================
2020-09-10 21:04:34,151:INFO:
======================HYPERPARAMETERS=============================

2020-09-10 21:04:34,151:INFO:Initial cluster size : 3
2020-09-10 21:04:34,151:INFO:CRP alpha : 0.9
2020-09-10 21:04:34,151:INFO:Number of words : 5000
2020-09-10 21:04:34,151:INFO:Number of iteration : 5
2020-09-10 21:04:34,152:INFO:Selected method : collapsed
2020-09-10 21:04:34,152:INFO:Beta Geometric alpha : 1.0
2020-09-10 21:04:34,152:INFO:Beta Geometric beta : 2.0
2020-09-10 21:04:34,152:INFO:Probability of joining new cluster : 0.5
2020-09-10 21:04:34,152:INFO:Model filename : segmentation_model.pkl
2020-09-10 21:04:34,152:INFO:Training filename : train.txt
2020-09-10 21:04:34,173:INFO:
======================INFERENCE=============================

2020-09-10 21:04:34,200:INFO:All probable splits
2020-09-10 21:04:34,200:INFO:('ने', 'पालको') 0.11366535265159142
2020-09-10 21:04:34,201:INFO:('नेपा', 'लको') 0.11491879518914615
2020-09-10 21:04:34,201:INFO:('नेपाल', 'को') 0.11625182137987898
2020-09-10 21:04:34,201:INFO:('नेपालको', '') 2.458332688954208e-05
2020-09-10 21:04:34,201:INFO:Best split ('नेपाल', 'को') 0.11625182137987898


=========================================================================
2020-09-10 21:04:58
=========================================================================
2020-09-10 21:04:58,089:INFO:
======================HYPERPARAMETERS=============================

2020-09-10 21:04:58,089:INFO:Initial cluster size : 3
2020-09-10 21:04:58,089:INFO:CRP alpha : 0.9
2020-09-10 21:04:58,090:INFO:Number of words : 5000
2020-09-10 21:04:58,090:INFO:Number of iteration : 5
2020-09-10 21:04:58,090:INFO:Selected method : collapsed
2020-09-10 21:04:58,090:INFO:Beta Geometric alpha : 1.0
2020-09-10 21:04:58,090:INFO:Beta Geometric beta : 2.0
2020-09-10 21:04:58,090:INFO:Probability of joining new cluster : 0.5
2020-09-10 21:04:58,090:INFO:Model filename : segmentation_model.pkl
2020-09-10 21:04:58,090:INFO:Training filename : train.txt
2020-09-10 21:04:58,111:INFO:
======================INFERENCE=============================


=========================================================================
2020-09-10 21:07:02
=========================================================================
2020-09-10 21:07:02,465:INFO:
======================HYPERPARAMETERS=============================

2020-09-10 21:07:02,465:INFO:Initial cluster size : 3
2020-09-10 21:07:02,465:INFO:CRP alpha : 0.9
2020-09-10 21:07:02,465:INFO:Number of words : 5000
2020-09-10 21:07:02,465:INFO:Number of iteration : 5
2020-09-10 21:07:02,465:INFO:Selected method : collapsed
2020-09-10 21:07:02,465:INFO:Beta Geometric alpha : 1.0
2020-09-10 21:07:02,465:INFO:Beta Geometric beta : 2.0
2020-09-10 21:07:02,465:INFO:Probability of joining new cluster : 0.5
2020-09-10 21:07:02,465:INFO:Model filename : segmentation_model.pkl
2020-09-10 21:07:02,465:INFO:Training filename : train.txt
2020-09-10 21:07:02,486:INFO:
======================INFERENCE=============================


=========================================================================
2020-09-10 21:07:55
=========================================================================
2020-09-10 21:07:55,970:INFO:
======================HYPERPARAMETERS=============================

2020-09-10 21:07:55,970:INFO:Initial cluster size : 3
2020-09-10 21:07:55,970:INFO:CRP alpha : 0.9
2020-09-10 21:07:55,970:INFO:Number of words : 5000
2020-09-10 21:07:55,970:INFO:Number of iteration : 5
2020-09-10 21:07:55,970:INFO:Selected method : collapsed
2020-09-10 21:07:55,971:INFO:Beta Geometric alpha : 1.0
2020-09-10 21:07:55,971:INFO:Beta Geometric beta : 2.0
2020-09-10 21:07:55,971:INFO:Probability of joining new cluster : 0.5
2020-09-10 21:07:55,971:INFO:Model filename : segmentation_model.pkl
2020-09-10 21:07:55,971:INFO:Training filename : train.txt
2020-09-10 21:07:55,992:INFO:
======================INFERENCE=============================


=========================================================================
2020-09-10 21:08:04
=========================================================================
2020-09-10 21:08:04,666:INFO:
======================HYPERPARAMETERS=============================

2020-09-10 21:08:04,666:INFO:Initial cluster size : 3
2020-09-10 21:08:04,666:INFO:CRP alpha : 0.9
2020-09-10 21:08:04,666:INFO:Number of words : 5000
2020-09-10 21:08:04,666:INFO:Number of iteration : 5
2020-09-10 21:08:04,666:INFO:Selected method : collapsed
2020-09-10 21:08:04,667:INFO:Beta Geometric alpha : 1.0
2020-09-10 21:08:04,667:INFO:Beta Geometric beta : 2.0
2020-09-10 21:08:04,667:INFO:Probability of joining new cluster : 0.5
2020-09-10 21:08:04,667:INFO:Model filename : segmentation_model.pkl
2020-09-10 21:08:04,667:INFO:Training filename : train.txt
2020-09-10 21:08:04,688:INFO:
======================INFERENCE=============================


=========================================================================
2020-09-10 21:08:12
=========================================================================
2020-09-10 21:08:12,375:INFO:
======================HYPERPARAMETERS=============================

2020-09-10 21:08:12,375:INFO:Initial cluster size : 3
2020-09-10 21:08:12,376:INFO:CRP alpha : 0.9
2020-09-10 21:08:12,376:INFO:Number of words : 5000
2020-09-10 21:08:12,376:INFO:Number of iteration : 5
2020-09-10 21:08:12,376:INFO:Selected method : collapsed
2020-09-10 21:08:12,376:INFO:Beta Geometric alpha : 1.0
2020-09-10 21:08:12,376:INFO:Beta Geometric beta : 2.0
2020-09-10 21:08:12,376:INFO:Probability of joining new cluster : 0.5
2020-09-10 21:08:12,376:INFO:Model filename : segmentation_model.pkl
2020-09-10 21:08:12,376:INFO:Training filename : train.txt
2020-09-10 21:08:12,399:INFO:
======================INFERENCE=============================

2020-09-10 21:08:12,425:INFO:All probable splits
2020-09-10 21:08:12,425:INFO:('ने', 'पाल') 0.1034899533658169
2020-09-10 21:08:12,425:INFO:('नेपा', 'ल') 0.1135417137618326
2020-09-10 21:08:12,425:INFO:('नेपाल', '') 2.458332688954208e-05
2020-09-10 21:08:12,425:INFO:Best split ('नेपा', 'ल') 0.1135417137618326


=========================================================================
2020-09-10 21:08:16
=========================================================================
2020-09-10 21:08:16,574:INFO:
======================HYPERPARAMETERS=============================

2020-09-10 21:08:16,574:INFO:Initial cluster size : 3
2020-09-10 21:08:16,575:INFO:CRP alpha : 0.9
2020-09-10 21:08:16,575:INFO:Number of words : 5000
2020-09-10 21:08:16,575:INFO:Number of iteration : 5
2020-09-10 21:08:16,575:INFO:Selected method : collapsed
2020-09-10 21:08:16,575:INFO:Beta Geometric alpha : 1.0
2020-09-10 21:08:16,575:INFO:Beta Geometric beta : 2.0
2020-09-10 21:08:16,575:INFO:Probability of joining new cluster : 0.5
2020-09-10 21:08:16,575:INFO:Model filename : segmentation_model.pkl
2020-09-10 21:08:16,575:INFO:Training filename : train.txt
2020-09-10 21:08:16,597:INFO:
======================INFERENCE=============================


=========================================================================
2020-09-10 21:09:01
=========================================================================
2020-09-10 21:09:01,961:INFO:
======================HYPERPARAMETERS=============================

2020-09-10 21:09:01,961:INFO:Initial cluster size : 3
2020-09-10 21:09:01,961:INFO:CRP alpha : 0.9
2020-09-10 21:09:01,961:INFO:Number of words : 5000
2020-09-10 21:09:01,961:INFO:Number of iteration : 5
2020-09-10 21:09:01,962:INFO:Selected method : collapsed
2020-09-10 21:09:01,962:INFO:Beta Geometric alpha : 1.0
2020-09-10 21:09:01,962:INFO:Beta Geometric beta : 2.0
2020-09-10 21:09:01,962:INFO:Probability of joining new cluster : 0.5
2020-09-10 21:09:01,962:INFO:Model filename : segmentation_model.pkl
2020-09-10 21:09:01,962:INFO:Training filename : train.txt
2020-09-10 21:09:01,986:INFO:
======================INFERENCE=============================


=========================================================================
2020-09-10 21:09:30
=========================================================================
2020-09-10 21:09:30,616:INFO:
======================HYPERPARAMETERS=============================

2020-09-10 21:09:30,616:INFO:Initial cluster size : 3
2020-09-10 21:09:30,616:INFO:CRP alpha : 0.9
2020-09-10 21:09:30,616:INFO:Number of words : 5000
2020-09-10 21:09:30,616:INFO:Number of iteration : 5
2020-09-10 21:09:30,616:INFO:Selected method : collapsed
2020-09-10 21:09:30,616:INFO:Beta Geometric alpha : 1.0
2020-09-10 21:09:30,616:INFO:Beta Geometric beta : 2.0
2020-09-10 21:09:30,616:INFO:Probability of joining new cluster : 0.5
2020-09-10 21:09:30,616:INFO:Model filename : segmentation_model.pkl
2020-09-10 21:09:30,616:INFO:Training filename : train.txt
2020-09-10 21:09:30,638:INFO:
======================INFERENCE=============================


=========================================================================
2020-09-10 21:09:46
=========================================================================
2020-09-10 21:09:46,004:INFO:
======================HYPERPARAMETERS=============================

2020-09-10 21:09:46,004:INFO:Initial cluster size : 3
2020-09-10 21:09:46,004:INFO:CRP alpha : 0.9
2020-09-10 21:09:46,004:INFO:Number of words : 5000
2020-09-10 21:09:46,004:INFO:Number of iteration : 5
2020-09-10 21:09:46,004:INFO:Selected method : collapsed
2020-09-10 21:09:46,004:INFO:Beta Geometric alpha : 1.0
2020-09-10 21:09:46,004:INFO:Beta Geometric beta : 2.0
2020-09-10 21:09:46,004:INFO:Probability of joining new cluster : 0.5
2020-09-10 21:09:46,004:INFO:Model filename : segmentation_model.pkl
2020-09-10 21:09:46,004:INFO:Training filename : train.txt
2020-09-10 21:09:46,026:INFO:
======================INFERENCE=============================

2020-09-10 21:09:46,026:INFO:('All characters are not within devnagari range', 101)
